<?xml version="1.0" encoding="UTF-8"?>
<!-- Generated by org.testng.reporters.JUnitReportReporter -->
<testsuite skipped="3" hostname="DESKTOP-QLSUIR3" name="Practise.AppiumFramework.TC_01" tests="4" failures="0" timestamp="24 Dec 2020 05:25:26 GMT" time="44.289" errors="1">
  <testcase name="testcase4" time="44.289" classname="Practise.AppiumFramework.TC_01">
    <error type="io.appium.java_client.NoSuchContextException" message="An unknown server-side error occurred while processing the command. Original error: Unable to automate Chrome version because it is too old for this version of Chromedriver.
Chrome version on the device: Chrome/87.0.4280.101
Visit &#039;https://github.com/appium/appium/blob/master/docs/en/writing-running-appium/web/chromedriver.md&#039; to troubleshoot the problem.
Failed to start Chromedriver session: A new session could not be created. Details: session not created: Chrome version must be between 70 and 73
  (Driver info: chromedriver=2.45.615291 (ec3682e3c9061c10f26ea9e5cdcf3c53f3f74387),platform=Windows NT 10.0.19041 x86_64)
Build info: version: &#039;3.141.59&#039;, revision: &#039;e82be7d358&#039;, time: &#039;2018-11-14T08:17:03&#039;
System info: host: &#039;DESKTOP-QLSUIR3&#039;, ip: &#039;192.168.18.3&#039;, os.name: &#039;Windows 10&#039;, os.arch: &#039;amd64&#039;, os.version: &#039;10.0&#039;, java.version: &#039;1.8.0_171&#039;
Driver info: io.appium.java_client.android.AndroidDriver
Capabilities {appActivity: com.androidsample.generalst..., appPackage: com.androidsample.generalstore, automationName: UIAutomator2, databaseEnabled: false, desired: {appActivity: com.androidsample.generalst..., appPackage: com.androidsample.generalstore, automationName: UIAutomator2, deviceName: Merlin2 Andriod, platformName: android}, deviceApiLevel: 26, deviceManufacturer: Google, deviceModel: Android SDK built for x86, deviceName: emulator-5554, deviceScreenDensity: 420, deviceScreenSize: 1080x1920, deviceUDID: emulator-5554, javascriptEnabled: true, locationContextEnabled: false, networkConnectionEnabled: true, pixelRatio: 2.625, platform: LINUX, platformName: Android, platformVersion: 8.0.0, statBarHeight: 63, takesScreenshot: true, viewportRect: {height: 1731, left: 0, top: 63, width: 1080}, warnings: {}, webStorageEnabled: false}
Session ID: c6b304b6-e0f5-4fd8-bfa9-f76cc5cda220">
      <![CDATA[io.appium.java_client.NoSuchContextException: An unknown server-side error occurred while processing the command. Original error: Unable to automate Chrome version because it is too old for this version of Chromedriver.
Chrome version on the device: Chrome/87.0.4280.101
Visit 'https://github.com/appium/appium/blob/master/docs/en/writing-running-appium/web/chromedriver.md' to troubleshoot the problem.
Failed to start Chromedriver session: A new session could not be created. Details: session not created: Chrome version must be between 70 and 73
  (Driver info: chromedriver=2.45.615291 (ec3682e3c9061c10f26ea9e5cdcf3c53f3f74387),platform=Windows NT 10.0.19041 x86_64)
Build info: version: '3.141.59', revision: 'e82be7d358', time: '2018-11-14T08:17:03'
System info: host: 'DESKTOP-QLSUIR3', ip: '192.168.18.3', os.name: 'Windows 10', os.arch: 'amd64', os.version: '10.0', java.version: '1.8.0_171'
Driver info: io.appium.java_client.android.AndroidDriver
Capabilities {appActivity: com.androidsample.generalst..., appPackage: com.androidsample.generalstore, automationName: UIAutomator2, databaseEnabled: false, desired: {appActivity: com.androidsample.generalst..., appPackage: com.androidsample.generalstore, automationName: UIAutomator2, deviceName: Merlin2 Andriod, platformName: android}, deviceApiLevel: 26, deviceManufacturer: Google, deviceModel: Android SDK built for x86, deviceName: emulator-5554, deviceScreenDensity: 420, deviceScreenSize: 1080x1920, deviceUDID: emulator-5554, javascriptEnabled: true, locationContextEnabled: false, networkConnectionEnabled: true, pixelRatio: 2.625, platform: LINUX, platformName: Android, platformVersion: 8.0.0, statBarHeight: 63, takesScreenshot: true, viewportRect: {height: 1731, left: 0, top: 63, width: 1080}, warnings: {}, webStorageEnabled: false}
Session ID: c6b304b6-e0f5-4fd8-bfa9-f76cc5cda220
at io.appium.java_client.AppiumDriver.context(AppiumDriver.java:231)
at Practise.AppiumFramework.TC_01.testcase4(TC_01.java:218)
at sun.reflect.NativeMethodAccessorImpl.invoke0(Native Method)
at sun.reflect.NativeMethodAccessorImpl.invoke(NativeMethodAccessorImpl.java:62)
at sun.reflect.DelegatingMethodAccessorImpl.invoke(DelegatingMethodAccessorImpl.java:43)
at java.lang.reflect.Method.invoke(Method.java:498)
at org.testng.internal.MethodInvocationHelper.invokeMethod(MethodInvocationHelper.java:124)
at org.testng.internal.Invoker.invokeMethod(Invoker.java:583)
at org.testng.internal.Invoker.invokeTestMethod(Invoker.java:719)
at org.testng.internal.Invoker.invokeTestMethods(Invoker.java:989)
at org.testng.internal.TestMethodWorker.invokeTestMethods(TestMethodWorker.java:125)
at org.testng.internal.TestMethodWorker.run(TestMethodWorker.java:109)
at org.testng.TestRunner.privateRun(TestRunner.java:648)
at org.testng.TestRunner.run(TestRunner.java:505)
at org.testng.SuiteRunner.runTest(SuiteRunner.java:455)
at org.testng.SuiteRunner.runSequentially(SuiteRunner.java:450)
at org.testng.SuiteRunner.privateRun(SuiteRunner.java:415)
at org.testng.SuiteRunner.run(SuiteRunner.java:364)
at org.testng.SuiteRunnerWorker.runSuite(SuiteRunnerWorker.java:52)
at org.testng.SuiteRunnerWorker.run(SuiteRunnerWorker.java:84)
at org.testng.TestNG.runSuitesSequentially(TestNG.java:1208)
at org.testng.TestNG.runSuitesLocally(TestNG.java:1137)
at org.testng.TestNG.runSuites(TestNG.java:1049)
at org.testng.TestNG.run(TestNG.java:1017)
at org.testng.remote.AbstractRemoteTestNG.run(AbstractRemoteTestNG.java:114)
at org.testng.remote.RemoteTestNG.initAndRun(RemoteTestNG.java:251)
at org.testng.remote.RemoteTestNG.main(RemoteTestNG.java:77)
Caused by: org.openqa.selenium.WebDriverException: An unknown server-side error occurred while processing the command. Original error: Unable to automate Chrome version because it is too old for this version of Chromedriver.
Chrome version on the device: Chrome/87.0.4280.101
Visit 'https://github.com/appium/appium/blob/master/docs/en/writing-running-appium/web/chromedriver.md' to troubleshoot the problem.
Failed to start Chromedriver session: A new session could not be created. Details: session not created: Chrome version must be between 70 and 73
  (Driver info: chromedriver=2.45.615291 (ec3682e3c9061c10f26ea9e5cdcf3c53f3f74387),platform=Windows NT 10.0.19041 x86_64)
Build info: version: '3.141.59', revision: 'e82be7d358', time: '2018-11-14T08:17:03'
System info: host: 'DESKTOP-QLSUIR3', ip: '192.168.18.3', os.name: 'Windows 10', os.arch: 'amd64', os.version: '10.0', java.version: '1.8.0_171'
Driver info: io.appium.java_client.android.AndroidDriver
Capabilities {appActivity: com.androidsample.generalst..., appPackage: com.androidsample.generalstore, automationName: UIAutomator2, databaseEnabled: false, desired: {appActivity: com.androidsample.generalst..., appPackage: com.androidsample.generalstore, automationName: UIAutomator2, deviceName: Merlin2 Andriod, platformName: android}, deviceApiLevel: 26, deviceManufacturer: Google, deviceModel: Android SDK built for x86, deviceName: emulator-5554, deviceScreenDensity: 420, deviceScreenSize: 1080x1920, deviceUDID: emulator-5554, javascriptEnabled: true, locationContextEnabled: false, networkConnectionEnabled: true, pixelRatio: 2.625, platform: LINUX, platformName: Android, platformVersion: 8.0.0, statBarHeight: 63, takesScreenshot: true, viewportRect: {height: 1731, left: 0, top: 63, width: 1080}, warnings: {}, webStorageEnabled: false}
Session ID: c6b304b6-e0f5-4fd8-bfa9-f76cc5cda220
at sun.reflect.NativeConstructorAccessorImpl.newInstance0(Native Method)
at sun.reflect.NativeConstructorAccessorImpl.newInstance(NativeConstructorAccessorImpl.java:62)
at sun.reflect.DelegatingConstructorAccessorImpl.newInstance(DelegatingConstructorAccessorImpl.java:45)
at java.lang.reflect.Constructor.newInstance(Constructor.java:423)
at org.openqa.selenium.remote.http.W3CHttpResponseCodec.createException(W3CHttpResponseCodec.java:187)
at org.openqa.selenium.remote.http.W3CHttpResponseCodec.decode(W3CHttpResponseCodec.java:122)
at org.openqa.selenium.remote.http.W3CHttpResponseCodec.decode(W3CHttpResponseCodec.java:49)
at org.openqa.selenium.remote.HttpCommandExecutor.execute(HttpCommandExecutor.java:158)
at io.appium.java_client.remote.AppiumCommandExecutor.execute(AppiumCommandExecutor.java:239)
at org.openqa.selenium.remote.RemoteWebDriver.execute(RemoteWebDriver.java:552)
at io.appium.java_client.DefaultGenericMobileDriver.execute(DefaultGenericMobileDriver.java:41)
at io.appium.java_client.AppiumDriver.execute(AppiumDriver.java:1)
at io.appium.java_client.android.AndroidDriver.execute(AndroidDriver.java:1)
at io.appium.java_client.AppiumDriver.context(AppiumDriver.java:228)
... 26 more
]]>
    </error>
  </testcase> <!-- testcase4 -->
  <testcase name="testcase2" classname="Practise.AppiumFramework.TC_01">
    <skipped/>
  </testcase> <!-- testcase2 -->
  <testcase name="testcase1" classname="Practise.AppiumFramework.TC_01">
    <skipped/>
  </testcase> <!-- testcase1 -->
  <testcase name="testcase3" classname="Practise.AppiumFramework.TC_01">
    <skipped/>
  </testcase> <!-- testcase3 -->
</testsuite> <!-- Practise.AppiumFramework.TC_01 -->
